2026-07-03 12:54:13 INFO Starting Insight Layer build
2026-07-03 12:54:13 INFO Input data\output\composite_demands\composite_demands.csv: 401 rows
2026-07-03 12:54:13 INFO Input data\output\composite_demands\demand_strength_v3.csv: 401 rows
2026-07-03 12:54:13 INFO Input data\output\demand_segments\demand_segments.csv: 201 rows
2026-07-03 12:54:13 INFO Input data\output\opportunity\opportunity_master.csv: 401 rows
2026-07-03 12:54:13 INFO Input data\output\intent_layer\intent_summary.csv: 16 rows
2026-07-03 12:54:13 INFO Validated canonical demand export with 401 rows
2026-07-03 12:54:14 INFO Exported data\output\insights\demand_size_map.csv with 401 rows
2026-07-03 12:54:14 INFO Exported data\output\insights\segment_size_map.csv with 201 rows
2026-07-03 12:54:14 INFO Exported data\output\insights\seasonality_map.csv with 1,003 rows
2026-07-03 12:54:14 INFO Exported data\output\insights\growth_map.csv with 1,003 rows
2026-07-03 12:54:14 INFO Exported data\output\insights\niche_direction_map.csv with 201 rows
2026-07-03 12:54:14 INFO Exported data\output\insights\research_opportunity_queue.csv with 602 rows
2026-07-03 12:54:14 INFO Insight Layer build complete
2026-07-03 12:54:14 INFO Build log: logs\build_insight_layer.log
2026-07-03 12:57:39 INFO Starting Insight Layer build
2026-07-03 12:57:39 INFO Replacing data\output\insights\demand_size_map.csv
2026-07-03 12:57:39 INFO Replacing data\output\insights\segment_size_map.csv
2026-07-03 12:57:39 INFO Replacing data\output\insights\seasonality_map.csv
2026-07-03 12:57:39 INFO Replacing data\output\insights\growth_map.csv
2026-07-03 12:57:39 INFO Replacing data\output\insights\niche_direction_map.csv
2026-07-03 12:57:39 INFO Replacing data\output\insights\research_opportunity_queue.csv
2026-07-03 12:57:39 INFO Input data\output\composite_demands\composite_demands.csv: 401 rows
2026-07-03 12:57:39 INFO Input data\output\composite_demands\demand_strength_v3.csv: 401 rows
2026-07-03 12:57:39 INFO Input data\output\demand_segments\demand_segments.csv: 195 rows
2026-07-03 12:57:39 INFO Input data\output\opportunity\opportunity_master.csv: 401 rows
2026-07-03 12:57:39 INFO Input data\output\intent_layer\intent_summary.csv: 16 rows
2026-07-03 12:57:39 INFO Validated canonical demand export with 401 rows
2026-07-03 12:57:39 INFO Exported data\output\insights\demand_size_map.csv with 401 rows
2026-07-03 12:57:39 INFO Exported data\output\insights\segment_size_map.csv with 195 rows
2026-07-03 12:57:39 INFO Exported data\output\insights\seasonality_map.csv with 997 rows
2026-07-03 12:57:39 INFO Exported data\output\insights\growth_map.csv with 997 rows
2026-07-03 12:57:39 INFO Exported data\output\insights\niche_direction_map.csv with 195 rows
2026-07-03 12:57:39 INFO Exported data\output\insights\research_opportunity_queue.csv with 596 rows
2026-07-03 12:57:39 INFO Insight Layer build complete
2026-07-03 12:57:39 INFO Build log: logs\build_insight_layer.log
2026-07-06 12:30:26 INFO Starting Insight Layer build
2026-07-06 12:30:26 INFO Replacing data\output\insights\demand_size_map.csv
2026-07-06 12:30:26 INFO Replacing data\output\insights\segment_size_map.csv
2026-07-06 12:30:26 INFO Replacing data\output\insights\seasonality_map.csv
2026-07-06 12:30:26 INFO Replacing data\output\insights\growth_map.csv
2026-07-06 12:30:26 INFO Replacing data\output\insights\niche_direction_map.csv
2026-07-06 12:30:26 INFO Replacing data\output\insights\research_opportunity_queue.csv
2026-07-06 12:30:26 INFO Input data\output\composite_demands\composite_demands.csv: 816 rows
2026-07-06 12:30:26 INFO Input data\output\composite_demands\demand_strength_v3.csv: 816 rows
2026-07-06 12:30:26 INFO Input data\output\demand_segments\demand_segments.csv: 156 rows
2026-07-06 12:30:26 INFO Input data\output\opportunity\opportunity_master.csv: 816 rows
2026-07-06 12:30:26 INFO Input data\output\intent_layer\intent_summary.csv: 16 rows
2026-07-06 12:30:26 INFO Validated canonical demand export with 816 rows
2026-07-06 12:30:27 INFO Exported data\output\insights\demand_size_map.csv with 816 rows
2026-07-06 12:30:27 INFO Exported data\output\insights\segment_size_map.csv with 156 rows
2026-07-06 12:30:27 INFO Exported data\output\insights\seasonality_map.csv with 1,788 rows
2026-07-06 12:30:27 INFO Exported data\output\insights\growth_map.csv with 1,788 rows
2026-07-06 12:30:27 INFO Exported data\output\insights\niche_direction_map.csv with 156 rows
2026-07-06 12:30:27 INFO Exported data\output\insights\research_opportunity_queue.csv with 972 rows
2026-07-06 12:30:27 INFO Insight Layer build complete
2026-07-06 12:30:27 INFO Build log: logs\build_insight_layer.log
